Arguments: 
  /home/dale/.asdf/installs/nodejs/12.14.0/bin/node /home/dale/.asdf/installs/yarn/1.22.4/bin/yarn.js init

PATH: 
  /home/dale/.asdf/installs/nodejs/12.14.0/bin:/home/dale/.asdf/installs/nodejs/12.14.0/.npm/bin:/home/dale/.asdf/installs/yarn/1.22.4/bin:/home/dale/.asdf/shims:/home/dale/.asdf/bin:/usr/local/bin:/usr/local/sbin:/usr/sbin:/usr/bin:/sbin:/bin:/usr/games:/usr/local/games:/mnt/c/Windows/system32:/mnt/c/Windows:/mnt/c/Windows/System32/Wbem:/mnt/c/Windows/System32/WindowsPowerShell/v1.0/:/mnt/c/Windows/System32/OpenSSH/:/mnt/c/Program:/mnt/c/ProgramData/DockerDesktop/version-bin:/mnt/c/Users/dalej/AppData/Local/Microsoft/WindowsApps:/mnt/c/Users/dalej/AppData/Local/Programs/Microsoft:/home/dale/.local/bin:/home/dale/.yadr/bin:/home/dale/.yadr/bin/yadr:/home/dale/bin:/mnt/c/Users/dalej/AppData/Local/Programs/Microsoft VS Code/bin

Yarn version: 
  1.22.4

Node version: 
  12.14.0

Platform: 
  linux x64

Trace: 
  Error: canceled
      at Interface.<anonymous> (/home/dale/.asdf/installs/yarn/1.22.4/lib/cli.js:137008:13)
      at Interface.emit (events.js:210:5)
      at Interface._ttyWrite (readline.js:887:16)
      at ReadStream.onkeypress (readline.js:191:10)
      at ReadStream.emit (events.js:210:5)
      at emitKeys (internal/readline/utils.js:433:14)
      at emitKeys.next (<anonymous>)
      at ReadStream.onData (readline.js:1153:36)
      at ReadStream.emit (events.js:210:5)
      at addChunk (_stream_readable.js:309:12)

npm manifest: 
  No manifest

yarn manifest: 
  No manifest

Lockfile: 
  No lockfile
